<?xml version="1.0" encoding="UTF-8"?>
<!-- Generated by org.testng.reporters.JUnitXMLReporter -->
<testsuite hostname="Utsav-PC" ignored="2" name="Test" tests="1" failures="0" timestamp="09 Oct 2019 06:08:17 GMT" time="65.154" errors="0">
  <testcase name="checkvalidCredentialsSignUp" time="65.097" classname="com.test.TestSignUp"/>
  <testcase name="checkinvalidCredentialsSignUp_Country" time="0.0" classname="com.test.TestSignUp">
    <ignored/>
  </testcase> <!-- checkinvalidCredentialsSignUp_Country -->
  <testcase name="checkinvalidCredentialsnUpSig_postcode" time="0.0" classname="com.test.TestSignUp">
    <ignored/>
  </testcase> <!-- checkinvalidCredentialsnUpSig_postcode -->
</testsuite> <!-- Test -->
