<?xml version="1.0" encoding="UTF-8"?>
<testng-results skipped="0" failed="0" ignored="2" total="3" passed="1">
  <reporter-output>
  </reporter-output>
  <suite name="Suite" duration-ms="65154" started-at="2019-10-09T06:07:12Z" finished-at="2019-10-09T06:08:17Z">
    <groups>
      <group name="register">
        <method signature="TestSignUp.checkvalidCredentialsSignUp()[pri:0, instance:com.test.TestSignUp@9660f4e]" name="checkvalidCredentialsSignUp" class="com.test.TestSignUp"/>
      </group> <!-- register -->
    </groups>
    <test name="Test" duration-ms="65154" started-at="2019-10-09T06:07:12Z" finished-at="2019-10-09T06:08:17Z">
      <class name="com.test.TestSignUp">
        <test-method status="PASS" signature="checkvalidCredentialsSignUp()[pri:0, instance:com.test.TestSignUp@9660f4e]" name="checkvalidCredentialsSignUp" duration-ms="65097" started-at="2019-10-09T06:07:12Z" finished-at="2019-10-09T06:08:17Z">
          <reporter-output>
          </reporter-output>
        </test-method> <!-- checkvalidCredentialsSignUp -->
      </class> <!-- com.test.TestSignUp -->
    </test> <!-- Test -->
  </suite> <!-- Suite -->
</testng-results>
