<?xml version="1.0" encoding="UTF-8"?>
<testsuite name="Test"
           tests="4"
           failures="0"
           errors="0"
           skipped="0"
           time="154.487">
  <properties />
  
  
            <testcase name="checkinvalidlogin" time="25.991" classname="com.test.TestLoginPage" />
                <testcase name="checkValidCredentials" time="51.961" classname="com.test.TestLoginPage" />
                <testcase name="checkValidCredentials" time="41.883" classname="com.test.TestLoginPage" />
                <testcase name="checkValidCredentials" time="34.652" classname="com.test.TestLoginPage" />
      
</testsuite>
